Kulolesa-2023/build/app/intermediates/manifest_merge_blame_file/release/manifest-merger-blame-release-report.txt
1<?xml version="1.0" encoding="utf-8"?>
2<manifest xmlns:android="http://schemas.android.com/apk/res/android"
3    package="com.arotec.katumbela.kulolesa"
4    android:versionCode="6"
5    android:versionName="5.5.5" >
6
7    <uses-sdk
8        android:minSdkVersion="19"
8-->src/main/AndroidManifest.xml
9        android:targetSdkVersion="33" />
9-->src/main/AndroidManifest.xml
10    <!-- Adicione a permissão de acesso à internet -->
11    <uses-permission android:name="android.permission.INTERNET" />
11-->src/main/AndroidManifest.xml:3:5-67
11-->src/main/AndroidManifest.xml:3:22-64
12    <uses-permission android:name="android.permission.READ_EXTERNAL_STORAGE" />
12-->[:file_picker] AndroidManifest.xml:9:5-80
12-->[:file_picker] AndroidManifest.xml:9:22-77
13
14    <queries>
14-->[:file_picker] AndroidManifest.xml:11:5-17:15
15        <intent>
15-->[:file_picker] AndroidManifest.xml:12:9-16:18
16            <action android:name="android.intent.action.GET_CONTENT" />
16-->[:file_picker] AndroidManifest.xml:13:13-72
16-->[:file_picker] AndroidManifest.xml:13:21-69
17
18            <data android:mimeType="*/*" />
18-->[:file_picker] AndroidManifest.xml:15:13-44
18-->[:file_picker] AndroidManifest.xml:15:19-41
19        </intent>
20    </queries>
21
22    <uses-permission android:name="android.permission.RECEIVE_BOOT_COMPLETED" />
22-->[:flutter_local_notifications] AndroidManifest.xml:9:5-81
22-->[:flutter_local_notifications] AndroidManifest.xml:9:22-78
23    <uses-permission android:name="android.permission.VIBRATE" />
23-->[:flutter_local_notifications] AndroidManifest.xml:10:5-66
23-->[:flutter_local_notifications] AndroidManifest.xml:10:22-63
24    <uses-permission android:name="android.permission.USE_FULL_SCREEN_INTENT" />
24-->[:flutter_local_notifications] AndroidManifest.xml:11:5-81
24-->[:flutter_local_notifications] AndroidManifest.xml:11:22-78
25    <uses-permission android:name="android.permission.SCHEDULE_EXACT_ALARM" />
25-->[:flutter_local_notifications] AndroidManifest.xml:12:5-79
25-->[:flutter_local_notifications] AndroidManifest.xml:12:22-76
26    <uses-permission android:name="android.permission.POST_NOTIFICATIONS" />
26-->[:flutter_local_notifications] AndroidManifest.xml:13:5-77
26-->[:flutter_local_notifications] AndroidManifest.xml:13:22-74
27    <uses-permission android:name="android.permission.CALL_PHONE" />
27-->[:flutter_phone_direct_caller] AndroidManifest.xml:9:5-69
27-->[:flutter_phone_direct_caller] AndroidManifest.xml:9:22-66
28
29    <uses-feature
29-->[:flutter_phone_direct_caller] AndroidManifest.xml:11:5-13:36
30        android:name="android.hardware.telephony"
30-->[:flutter_phone_direct_caller] AndroidManifest.xml:12:9-50
31        android:required="false" />
31-->[:flutter_phone_direct_caller] AndroidManifest.xml:13:9-33
32
33    <uses-permission android:name="android.permission.ACCESS_NETWORK_STATE" />
33-->[com.google.firebase:firebase-auth:22.1.0] AndroidManifest.xml:26:5-79
33-->[com.google.firebase:firebase-auth:22.1.0] AndroidManifest.xml:26:22-76
34
35    <permission
35-->[androidx.core:core:1.10.1] AndroidManifest.xml:22:5-24:47
36        android:name="com.arotec.katumbela.kulolesa.DYNAMIC_RECEIVER_NOT_EXPORTED_PERMISSION"
36-->[androidx.core:core:1.10.1] AndroidManifest.xml:23:9-81
37        android:protectionLevel="signature" />
37-->[androidx.core:core:1.10.1] AndroidManifest.xml:24:9-44
38
39    <uses-permission android:name="com.arotec.katumbela.kulolesa.DYNAMIC_RECEIVER_NOT_EXPORTED_PERMISSION" /> <!-- for android -->
39-->[androidx.core:core:1.10.1] AndroidManifest.xml:26:5-97
39-->[androidx.core:core:1.10.1] AndroidManifest.xml:26:22-94
40    <!-- <uses-permission android:name="com.android.launcher.permission.READ_SETTINGS"/> -->
41    <!-- <uses-permission android:name="com.android.launcher.permission.WRITE_SETTINGS"/> -->
42    <!-- <uses-permission android:name="com.android.launcher.permission.INSTALL_SHORTCUT" /> -->
43    <!-- <uses-permission android:name="com.android.launcher.permission.UNINSTALL_SHORTCUT" /> -->
44    <!-- for Samsung -->
45    <uses-permission android:name="com.sec.android.provider.badge.permission.READ" />
45-->[me.leolin:ShortcutBadger:1.1.22] AndroidManifest.xml:19:5-86
45-->[me.leolin:ShortcutBadger:1.1.22] AndroidManifest.xml:19:22-83
46    <uses-permission android:name="com.sec.android.provider.badge.permission.WRITE" /> <!-- for htc -->
46-->[me.leolin:ShortcutBadger:1.1.22] AndroidManifest.xml:20:5-87
46-->[me.leolin:ShortcutBadger:1.1.22] AndroidManifest.xml:20:22-84
47    <uses-permission android:name="com.htc.launcher.permission.READ_SETTINGS" />
47-->[me.leolin:ShortcutBadger:1.1.22] AndroidManifest.xml:23:5-81
47-->[me.leolin:ShortcutBadger:1.1.22] AndroidManifest.xml:23:22-78
48    <uses-permission android:name="com.htc.launcher.permission.UPDATE_SHORTCUT" /> <!-- for sony -->
48-->[me.leolin:ShortcutBadger:1.1.22] AndroidManifest.xml:24:5-83
48-->[me.leolin:ShortcutBadger:1.1.22] AndroidManifest.xml:24:22-80
49    <uses-permission android:name="com.sonyericsson.home.permission.BROADCAST_BADGE" />
49-->[me.leolin:ShortcutBadger:1.1.22] AndroidManifest.xml:27:5-88
49-->[me.leolin:ShortcutBadger:1.1.22] AndroidManifest.xml:27:22-85
50    <uses-permission android:name="com.sonymobile.home.permission.PROVIDER_INSERT_BADGE" /> <!-- for apex -->
50-->[me.leolin:ShortcutBadger:1.1.22] AndroidManifest.xml:28:5-92
50-->[me.leolin:ShortcutBadger:1.1.22] AndroidManifest.xml:28:22-89
51    <uses-permission android:name="com.anddoes.launcher.permission.UPDATE_COUNT" /> <!-- for solid -->
51-->[me.leolin:ShortcutBadger:1.1.22] AndroidManifest.xml:31:5-84
51-->[me.leolin:ShortcutBadger:1.1.22] AndroidManifest.xml:31:22-81
52    <uses-permission android:name="com.majeur.launcher.permission.UPDATE_BADGE" /> <!-- for huawei -->
52-->[me.leolin:ShortcutBadger:1.1.22] AndroidManifest.xml:34:5-83
52-->[me.leolin:ShortcutBadger:1.1.22] AndroidManifest.xml:34:22-80
53    <uses-permission android:name="com.huawei.android.launcher.permission.CHANGE_BADGE" />
53-->[me.leolin:ShortcutBadger:1.1.22] AndroidManifest.xml:37:5-91
53-->[me.leolin:ShortcutBadger:1.1.22] AndroidManifest.xml:37:22-88
54    <uses-permission android:name="com.huawei.android.launcher.permission.READ_SETTINGS" />
54-->[me.leolin:ShortcutBadger:1.1.22] AndroidManifest.xml:38:5-92
54-->[me.leolin:ShortcutBadger:1.1.22] AndroidManifest.xml:38:22-89
55    <uses-permission android:name="com.huawei.android.launcher.permission.WRITE_SETTINGS" /> <!-- for ZUK -->
55-->[me.leolin:ShortcutBadger:1.1.22] AndroidManifest.xml:39:5-93
55-->[me.leolin:ShortcutBadger:1.1.22] AndroidManifest.xml:39:22-90
56    <uses-permission android:name="android.permission.READ_APP_BADGE" /> <!-- for OPPO -->
56-->[me.leolin:ShortcutBadger:1.1.22] AndroidManifest.xml:42:5-73
56-->[me.leolin:ShortcutBadger:1.1.22] AndroidManifest.xml:42:22-70
57    <uses-permission android:name="com.oppo.launcher.permission.READ_SETTINGS" />
57-->[me.leolin:ShortcutBadger:1.1.22] AndroidManifest.xml:45:5-82
57-->[me.leolin:ShortcutBadger:1.1.22] AndroidManifest.xml:45:22-79
58    <uses-permission android:name="com.oppo.launcher.permission.WRITE_SETTINGS" /> <!-- for EvMe -->
58-->[me.leolin:ShortcutBadger:1.1.22] AndroidManifest.xml:46:5-83
58-->[me.leolin:ShortcutBadger:1.1.22] AndroidManifest.xml:46:22-80
59    <uses-permission android:name="me.everything.badger.permission.BADGE_COUNT_READ" />
59-->[me.leolin:ShortcutBadger:1.1.22] AndroidManifest.xml:49:5-88
59-->[me.leolin:ShortcutBadger:1.1.22] AndroidManifest.xml:49:22-85
60    <uses-permission android:name="me.everything.badger.permission.BADGE_COUNT_WRITE" />
60-->[me.leolin:ShortcutBadger:1.1.22] AndroidManifest.xml:50:5-89
60-->[me.leolin:ShortcutBadger:1.1.22] AndroidManifest.xml:50:22-86
61
62    <application
63        android:name="io.flutter.app.FlutterMultiDexApplication"
63-->src/main/AndroidManifest.xml:6:9-42
64        android:appComponentFactory="androidx.core.app.CoreComponentFactory"
64-->[androidx.core:core:1.10.1] AndroidManifest.xml:28:18-86
65        android:icon="@mipmap/ic_launcher"
65-->src/main/AndroidManifest.xml:7:9-43
66        android:label="kulolesa" >
66-->src/main/AndroidManifest.xml:5:9-33
67        <activity
67-->src/main/AndroidManifest.xml:8:9-28:20
68            android:name="com.arotec.katumbela.kulolesa.MainActivity"
68-->src/main/AndroidManifest.xml:9:13-41
69            android:configChanges="orientation|keyboardHidden|keyboard|screenSize|smallestScreenSize|locale|layoutDirection|fontScale|screenLayout|density|uiMode"
69-->src/main/AndroidManifest.xml:13:13-163
70            android:exported="true"
70-->src/main/AndroidManifest.xml:10:13-36
71            android:hardwareAccelerated="true"
71-->src/main/AndroidManifest.xml:14:13-47
72            android:launchMode="singleTop"
72-->src/main/AndroidManifest.xml:11:13-43
73            android:theme="@style/LaunchTheme"
73-->src/main/AndroidManifest.xml:12:13-47
74            android:windowSoftInputMode="adjustResize" >
74-->src/main/AndroidManifest.xml:15:13-55
75
76            <!--
77                 Specifies an Android theme to apply to this Activity as soon as
78                 the Android process has started. This theme is visible to the user
79                 while the Flutter UI initializes. After that, this theme continues
80                 to determine the Window background behind the Flutter UI.
81            -->
82            <meta-data
82-->src/main/AndroidManifest.xml:20:13-23:17
83                android:name="io.flutter.embedding.android.NormalTheme"
83-->src/main/AndroidManifest.xml:21:15-70
84                android:resource="@style/NormalTheme" />
84-->src/main/AndroidManifest.xml:22:15-52
85
86            <intent-filter>
86-->src/main/AndroidManifest.xml:24:13-27:29
87                <action android:name="android.intent.action.MAIN" />
87-->src/main/AndroidManifest.xml:25:17-68
87-->src/main/AndroidManifest.xml:25:25-66
88
89                <category android:name="android.intent.category.LAUNCHER" />
89-->src/main/AndroidManifest.xml:26:17-76
89-->src/main/AndroidManifest.xml:26:27-74
90            </intent-filter>
91        </activity>
92        <!--
93             Don't delete the meta-data below.
94             This is used by the Flutter tool to generate GeneratedPluginRegistrant.java
95        -->
96        <meta-data
96-->src/main/AndroidManifest.xml:31:9-33:33
97            android:name="flutterEmbedding"
97-->src/main/AndroidManifest.xml:32:13-44
98            android:value="2" />
98-->src/main/AndroidManifest.xml:33:13-30
99
100        <service
100-->[:firebase_app_check] AndroidManifest.xml:10:9-14:19
101            android:name="com.google.firebase.components.ComponentDiscoveryService"
101-->[:firebase_app_check] AndroidManifest.xml:10:18-89
102            android:directBootAware="true"
102-->[com.google.firebase:firebase-common:20.3.3] AndroidManifest.xml:34:13-43
103            android:exported="false" >
103-->[com.google.firebase:firebase-auth:22.1.0] AndroidManifest.xml:68:13-37
104            <meta-data
104-->[:firebase_app_check] AndroidManifest.xml:11:13-13:85
105                android:name="com.google.firebase.components:io.flutter.plugins.firebase.appcheck.FlutterFirebaseAppRegistrar"
105-->[:firebase_app_check] AndroidManifest.xml:12:17-127
106                android:value="com.google.firebase.components.ComponentRegistrar" />
106-->[:firebase_app_check] AndroidManifest.xml:13:17-82
107            <meta-data
107-->[:cloud_firestore] AndroidManifest.xml:11:13-13:85
108                android:name="com.google.firebase.components:io.flutter.plugins.firebase.firestore.FlutterFirebaseFirestoreRegistrar"
108-->[:cloud_firestore] AndroidManifest.xml:12:17-134
109                android:value="com.google.firebase.components.ComponentRegistrar" />
109-->[:cloud_firestore] AndroidManifest.xml:13:17-82
110            <meta-data
110-->[:firebase_auth] AndroidManifest.xml:11:13-13:85
111                android:name="com.google.firebase.components:io.flutter.plugins.firebase.auth.FlutterFirebaseAuthRegistrar"
111-->[:firebase_auth] AndroidManifest.xml:12:17-124
112                android:value="com.google.firebase.components.ComponentRegistrar" />
112-->[:firebase_auth] AndroidManifest.xml:13:17-82
113            <meta-data
113-->[:firebase_storage] AndroidManifest.xml:11:13-13:85
114                android:name="com.google.firebase.components:io.flutter.plugins.firebase.storage.FlutterFirebaseAppRegistrar"
114-->[:firebase_storage] AndroidManifest.xml:12:17-126
115                android:value="com.google.firebase.components.ComponentRegistrar" />
115-->[:firebase_storage] AndroidManifest.xml:13:17-82
116            <meta-data
116-->[:firebase_core] AndroidManifest.xml:11:13-13:85
117                android:name="com.google.firebase.components:io.flutter.plugins.firebase.core.FlutterFirebaseCoreRegistrar"
117-->[:firebase_core] AndroidManifest.xml:12:17-124
118                android:value="com.google.firebase.components.ComponentRegistrar" />
118-->[:firebase_core] AndroidManifest.xml:13:17-82
119            <meta-data
119-->[com.google.firebase:firebase-auth:22.1.0] AndroidManifest.xml:69:13-71:85
120                android:name="com.google.firebase.components:com.google.firebase.auth.FirebaseAuthRegistrar"
120-->[com.google.firebase:firebase-auth:22.1.0] AndroidManifest.xml:70:17-109
121                android:value="com.google.firebase.components.ComponentRegistrar" />
121-->[com.google.firebase:firebase-auth:22.1.0] AndroidManifest.xml:71:17-82
122            <meta-data
122-->[com.google.firebase:firebase-appcheck-safetynet:16.1.0] AndroidManifest.xml:27:13-29:85
123                android:name="com.google.firebase.components:com.google.firebase.appcheck.safetynet.FirebaseAppCheckSafetyNetRegistrar"
123-->[com.google.firebase:firebase-appcheck-safetynet:16.1.0] AndroidManifest.xml:28:17-136
124                android:value="com.google.firebase.components.ComponentRegistrar" />
124-->[com.google.firebase:firebase-appcheck-safetynet:16.1.0] AndroidManifest.xml:29:17-82
125            <meta-data
125-->[com.google.firebase:firebase-appcheck-debug:17.0.1] AndroidManifest.xml:27:13-29:85
126                android:name="com.google.firebase.components:com.google.firebase.appcheck.debug.FirebaseAppCheckDebugRegistrar"
126-->[com.google.firebase:firebase-appcheck-debug:17.0.1] AndroidManifest.xml:28:17-128
127                android:value="com.google.firebase.components.ComponentRegistrar" />
127-->[com.google.firebase:firebase-appcheck-debug:17.0.1] AndroidManifest.xml:29:17-82
128            <meta-data
128-->[com.google.firebase:firebase-firestore:24.7.0] AndroidManifest.xml:19:13-21:85
129                android:name="com.google.firebase.components:com.google.firebase.firestore.FirestoreRegistrar"
129-->[com.google.firebase:firebase-firestore:24.7.0] AndroidManifest.xml:20:17-111
130                android:value="com.google.firebase.components.ComponentRegistrar" />
130-->[com.google.firebase:firebase-firestore:24.7.0] AndroidManifest.xml:21:17-82
131            <meta-data
131-->[com.google.firebase:firebase-appcheck-playintegrity:17.0.1] AndroidManifest.xml:27:13-29:85
132                android:name="com.google.firebase.components:com.google.firebase.appcheck.playintegrity.FirebaseAppCheckPlayIntegrityRegistrar"
132-->[com.google.firebase:firebase-appcheck-playintegrity:17.0.1] AndroidManifest.xml:28:17-144
133                android:value="com.google.firebase.components.ComponentRegistrar" />
133-->[com.google.firebase:firebase-appcheck-playintegrity:17.0.1] AndroidManifest.xml:29:17-82
134            <meta-data
134-->[com.google.firebase:firebase-storage:20.2.1] AndroidManifest.xml:32:13-34:85
135                android:name="com.google.firebase.components:com.google.firebase.storage.StorageRegistrar"
135-->[com.google.firebase:firebase-storage:20.2.1] AndroidManifest.xml:33:17-107
136                android:value="com.google.firebase.components.ComponentRegistrar" />
136-->[com.google.firebase:firebase-storage:20.2.1] AndroidManifest.xml:34:17-82
137            <meta-data
137-->[com.google.firebase:firebase-appcheck:17.0.1] AndroidManifest.xml:27:13-29:85
138                android:name="com.google.firebase.components:com.google.firebase.appcheck.FirebaseAppCheckRegistrar"
138-->[com.google.firebase:firebase-appcheck:17.0.1] AndroidManifest.xml:28:17-117
139                android:value="com.google.firebase.components.ComponentRegistrar" />
139-->[com.google.firebase:firebase-appcheck:17.0.1] AndroidManifest.xml:29:17-82
140        </service>
141
142        <provider
142-->[:image_picker_android] AndroidManifest.xml:10:9-18:20
143            android:name="io.flutter.plugins.imagepicker.ImagePickerFileProvider"
143-->[:image_picker_android] AndroidManifest.xml:11:13-82
144            android:authorities="com.arotec.katumbela.kulolesa.flutter.image_provider"
144-->[:image_picker_android] AndroidManifest.xml:12:13-74
145            android:exported="false"
145-->[:image_picker_android] AndroidManifest.xml:13:13-37
146            android:grantUriPermissions="true" >
146-->[:image_picker_android] AndroidManifest.xml:14:13-47
147            <meta-data
147-->[:image_picker_android] AndroidManifest.xml:15:13-17:75
148                android:name="android.support.FILE_PROVIDER_PATHS"
148-->[:image_picker_android] AndroidManifest.xml:16:17-67
149                android:resource="@xml/flutter_image_picker_file_paths" />
149-->[:image_picker_android] AndroidManifest.xml:17:17-72
150        </provider>
151
152        <receiver
152-->[:flutter_local_notifications] AndroidManifest.xml:16:9-18:40
153            android:name="com.dexterous.flutterlocalnotifications.ActionBroadcastReceiver"
153-->[:flutter_local_notifications] AndroidManifest.xml:17:13-91
154            android:exported="false" />
154-->[:flutter_local_notifications] AndroidManifest.xml:18:13-37
155        <receiver
155-->[:flutter_local_notifications] AndroidManifest.xml:19:9-21:40
156            android:name="com.dexterous.flutterlocalnotifications.ScheduledNotificationReceiver"
156-->[:flutter_local_notifications] AndroidManifest.xml:20:13-97
157            android:exported="false" />
157-->[:flutter_local_notifications] AndroidManifest.xml:21:13-37
158        <receiver
158-->[:flutter_local_notifications] AndroidManifest.xml:22:9-31:20
159            android:name="com.dexterous.flutterlocalnotifications.ScheduledNotificationBootReceiver"
159-->[:flutter_local_notifications] AndroidManifest.xml:23:13-101
160            android:exported="false" >
160-->[:flutter_local_notifications] AndroidManifest.xml:24:13-37
161            <intent-filter>
161-->[:flutter_local_notifications] AndroidManifest.xml:25:13-30:29
162                <action android:name="android.intent.action.BOOT_COMPLETED" />
162-->[:flutter_local_notifications] AndroidManifest.xml:26:17-79
162-->[:flutter_local_notifications] AndroidManifest.xml:26:25-76
163                <action android:name="android.intent.action.MY_PACKAGE_REPLACED" />
163-->[:flutter_local_notifications] AndroidManifest.xml:27:17-84
163-->[:flutter_local_notifications] AndroidManifest.xml:27:25-81
164                <action android:name="android.intent.action.QUICKBOOT_POWERON" />
164-->[:flutter_local_notifications] AndroidManifest.xml:28:17-82
164-->[:flutter_local_notifications] AndroidManifest.xml:28:25-79
165                <action android:name="com.htc.intent.action.QUICKBOOT_POWERON" />
165-->[:flutter_local_notifications] AndroidManifest.xml:29:17-82
165-->[:flutter_local_notifications] AndroidManifest.xml:29:25-79
166            </intent-filter>
167        </receiver>
168
169        <activity
169-->[:url_launcher_android] AndroidManifest.xml:10:9-13:74
170            android:name="io.flutter.plugins.urllauncher.WebViewActivity"
170-->[:url_launcher_android] AndroidManifest.xml:11:13-74
171            android:exported="false"
171-->[:url_launcher_android] AndroidManifest.xml:12:13-37
172            android:theme="@android:style/Theme.NoTitleBar.Fullscreen" />
172-->[:url_launcher_android] AndroidManifest.xml:13:13-71
173        <activity
173-->[com.google.android.gms:play-services-auth:20.6.0] AndroidManifest.xml:23:9-27:75
174            android:name="com.google.android.gms.auth.api.signin.internal.SignInHubActivity"
174-->[com.google.android.gms:play-services-auth:20.6.0] AndroidManifest.xml:24:13-93
175            android:excludeFromRecents="true"
175-->[com.google.android.gms:play-services-auth:20.6.0] AndroidManifest.xml:25:13-46
176            android:exported="false"
176-->[com.google.android.gms:play-services-auth:20.6.0] AndroidManifest.xml:26:13-37
177            android:theme="@android:style/Theme.Translucent.NoTitleBar" />
177-->[com.google.android.gms:play-services-auth:20.6.0] AndroidManifest.xml:27:13-72
178        <!--
179            Service handling Google Sign-In user revocation. For apps that do not integrate with
180            Google Sign-In, this service will never be started.
181        -->
182        <service
182-->[com.google.android.gms:play-services-auth:20.6.0] AndroidManifest.xml:33:9-37:51
183            android:name="com.google.android.gms.auth.api.signin.RevocationBoundService"
183-->[com.google.android.gms:play-services-auth:20.6.0] AndroidManifest.xml:34:13-89
184            android:exported="true"
184-->[com.google.android.gms:play-services-auth:20.6.0] AndroidManifest.xml:35:13-36
185            android:permission="com.google.android.gms.auth.api.signin.permission.REVOCATION_NOTIFICATION"
185-->[com.google.android.gms:play-services-auth:20.6.0] AndroidManifest.xml:36:13-107
186            android:visibleToInstantApps="true" />
186-->[com.google.android.gms:play-services-auth:20.6.0] AndroidManifest.xml:37:13-48
187
188        <activity
188-->[com.google.firebase:firebase-auth:22.1.0] AndroidManifest.xml:29:9-46:20
189            android:name="com.google.firebase.auth.internal.GenericIdpActivity"
189-->[com.google.firebase:firebase-auth:22.1.0] AndroidManifest.xml:30:13-80
190            android:excludeFromRecents="true"
190-->[com.google.firebase:firebase-auth:22.1.0] AndroidManifest.xml:31:13-46
191            android:exported="true"
191-->[com.google.firebase:firebase-auth:22.1.0] AndroidManifest.xml:32:13-36
192            android:launchMode="singleTask"
192-->[com.google.firebase:firebase-auth:22.1.0] AndroidManifest.xml:33:13-44
193            android:theme="@android:style/Theme.Translucent.NoTitleBar" >
193-->[com.google.firebase:firebase-auth:22.1.0] AndroidManifest.xml:34:13-72
194            <intent-filter>
194-->[com.google.firebase:firebase-auth:22.1.0] AndroidManifest.xml:35:13-45:29
195                <action android:name="android.intent.action.VIEW" />
195-->[com.google.firebase:firebase-auth:22.1.0] AndroidManifest.xml:36:17-69
195-->[com.google.firebase:firebase-auth:22.1.0] AndroidManifest.xml:36:25-66
196
197                <category android:name="android.intent.category.DEFAULT" />
197-->[com.google.firebase:firebase-auth:22.1.0] AndroidManifest.xml:38:17-76
197-->[com.google.firebase:firebase-auth:22.1.0] AndroidManifest.xml:38:27-73
198                <category android:name="android.intent.category.BROWSABLE" />
198-->[com.google.firebase:firebase-auth:22.1.0] AndroidManifest.xml:39:17-78
198-->[com.google.firebase:firebase-auth:22.1.0] AndroidManifest.xml:39:27-75
199
200                <data
200-->[:file_picker] AndroidManifest.xml:15:13-44
201                    android:host="firebase.auth"
202                    android:path="/"
203                    android:scheme="genericidp" />
204            </intent-filter>
205        </activity>
206        <activity
206-->[com.google.firebase:firebase-auth:22.1.0] AndroidManifest.xml:47:9-64:20
207            android:name="com.google.firebase.auth.internal.RecaptchaActivity"
207-->[com.google.firebase:firebase-auth:22.1.0] AndroidManifest.xml:48:13-79
208            android:excludeFromRecents="true"
208-->[com.google.firebase:firebase-auth:22.1.0] AndroidManifest.xml:49:13-46
209            android:exported="true"
209-->[com.google.firebase:firebase-auth:22.1.0] AndroidManifest.xml:50:13-36
210            android:launchMode="singleTask"
210-->[com.google.firebase:firebase-auth:22.1.0] AndroidManifest.xml:51:13-44
211            android:theme="@android:style/Theme.Translucent.NoTitleBar" >
211-->[com.google.firebase:firebase-auth:22.1.0] AndroidManifest.xml:52:13-72
212            <intent-filter>
212-->[com.google.firebase:firebase-auth:22.1.0] AndroidManifest.xml:53:13-63:29
213                <action android:name="android.intent.action.VIEW" />
213-->[com.google.firebase:firebase-auth:22.1.0] AndroidManifest.xml:36:17-69
213-->[com.google.firebase:firebase-auth:22.1.0] AndroidManifest.xml:36:25-66
214
215                <category android:name="android.intent.category.DEFAULT" />
215-->[com.google.firebase:firebase-auth:22.1.0] AndroidManifest.xml:38:17-76
215-->[com.google.firebase:firebase-auth:22.1.0] AndroidManifest.xml:38:27-73
216                <category android:name="android.intent.category.BROWSABLE" />
216-->[com.google.firebase:firebase-auth:22.1.0] AndroidManifest.xml:39:17-78
216-->[com.google.firebase:firebase-auth:22.1.0] AndroidManifest.xml:39:27-75
217
218                <data
218-->[:file_picker] AndroidManifest.xml:15:13-44
219                    android:host="firebase.auth"
220                    android:path="/"
221                    android:scheme="recaptcha" />
222            </intent-filter>
223        </activity>
224        <activity
224-->[com.google.android.gms:play-services-base:18.0.1] AndroidManifest.xml:20:9-22:45
225            android:name="com.google.android.gms.common.api.GoogleApiActivity"
225-->[com.google.android.gms:play-services-base:18.0.1] AndroidManifest.xml:20:19-85
226            android:exported="false"
226-->[com.google.android.gms:play-services-base:18.0.1] AndroidManifest.xml:22:19-43
227            android:theme="@android:style/Theme.Translucent.NoTitleBar" />
227-->[com.google.android.gms:play-services-base:18.0.1] AndroidManifest.xml:21:19-78
228
229        <provider
229-->[com.google.firebase:firebase-common:20.3.3] AndroidManifest.xml:25:9-30:39
230            android:name="com.google.firebase.provider.FirebaseInitProvider"
230-->[com.google.firebase:firebase-common:20.3.3] AndroidManifest.xml:26:13-77
231            android:authorities="com.arotec.katumbela.kulolesa.firebaseinitprovider"
231-->[com.google.firebase:firebase-common:20.3.3] AndroidManifest.xml:27:13-72
232            android:directBootAware="true"
232-->[com.google.firebase:firebase-common:20.3.3] AndroidManifest.xml:28:13-43
233            android:exported="false"
233-->[com.google.firebase:firebase-common:20.3.3] AndroidManifest.xml:29:13-37
234            android:initOrder="100" />
234-->[com.google.firebase:firebase-common:20.3.3] AndroidManifest.xml:30:13-36
235
236        <meta-data
236-->[com.google.android.gms:play-services-basement:18.2.0] AndroidManifest.xml:21:9-23:69
237            android:name="com.google.android.gms.version"
237-->[com.google.android.gms:play-services-basement:18.2.0] AndroidManifest.xml:22:13-58
238            android:value="@integer/google_play_services_version" />
238-->[com.google.android.gms:play-services-basement:18.2.0] AndroidManifest.xml:23:13-66
239
240        <uses-library
240-->[androidx.window:window:1.0.0-beta04] AndroidManifest.xml:25:9-27:40
241            android:name="androidx.window.extensions"
241-->[androidx.window:window:1.0.0-beta04] AndroidManifest.xml:26:13-54
242            android:required="false" />
242-->[androidx.window:window:1.0.0-beta04] AndroidManifest.xml:27:13-37
243        <uses-library
243-->[androidx.window:window:1.0.0-beta04] AndroidManifest.xml:28:9-30:40
244            android:name="androidx.window.sidecar"
244-->[androidx.window:window:1.0.0-beta04] AndroidManifest.xml:29:13-51
245            android:required="false" />
245-->[androidx.window:window:1.0.0-beta04] AndroidManifest.xml:30:13-37
246
247        <provider
247-->[androidx.profileinstaller:profileinstaller:1.3.0] AndroidManifest.xml:24:9-32:20
248            android:name="androidx.startup.InitializationProvider"
248-->[androidx.profileinstaller:profileinstaller:1.3.0] AndroidManifest.xml:25:13-67
249            android:authorities="com.arotec.katumbela.kulolesa.androidx-startup"
249-->[androidx.profileinstaller:profileinstaller:1.3.0] AndroidManifest.xml:26:13-68
250            android:exported="false" >
250-->[androidx.profileinstaller:profileinstaller:1.3.0] AndroidManifest.xml:27:13-37
251            <meta-data
251-->[androidx.profileinstaller:profileinstaller:1.3.0] AndroidManifest.xml:29:13-31:52
252                android:name="androidx.profileinstaller.ProfileInstallerInitializer"
252-->[androidx.profileinstaller:profileinstaller:1.3.0] AndroidManifest.xml:30:17-85
253                android:value="androidx.startup" />
253-->[androidx.profileinstaller:profileinstaller:1.3.0] AndroidManifest.xml:31:17-49
254        </provider>
255
256        <receiver
256-->[androidx.profileinstaller:profileinstaller:1.3.0] AndroidManifest.xml:34:9-52:20
257            android:name="androidx.profileinstaller.ProfileInstallReceiver"
257-->[androidx.profileinstaller:profileinstaller:1.3.0] AndroidManifest.xml:35:13-76
258            android:directBootAware="false"
258-->[androidx.profileinstaller:profileinstaller:1.3.0] AndroidManifest.xml:36:13-44
259            android:enabled="true"
259-->[androidx.profileinstaller:profileinstaller:1.3.0] AndroidManifest.xml:37:13-35
260            android:exported="true"
260-->[androidx.profileinstaller:profileinstaller:1.3.0] AndroidManifest.xml:38:13-36
261            android:permission="android.permission.DUMP" >
261-->[androidx.profileinstaller:profileinstaller:1.3.0] AndroidManifest.xml:39:13-57
262            <intent-filter>